cl : command line warning D9035: option 'Gm' has been deprecated and will be removed in a future release
  stdafx.cpp
cl : command line warning D9035: option 'Gm' has been deprecated and will be removed in a future release
  TrainingFramework.cpp
C:\Users\Admin\source\repos\Kien_3D_Training\TrainingFramework\Camera.h(27,18): warning C4305: 'initializing': truncation from 'double' to 'float'
C:\Users\Admin\source\repos\Kien_3D_Training\TrainingFramework\Camera.h(28,18): warning C4305: 'initializing': truncation from 'double' to 'float'
  Texture.cpp
  Shaders.cpp
  SceneManager.cpp
C:\Users\Admin\source\repos\Kien_3D_Training\TrainingFramework\Camera.h(27,18): warning C4305: 'initializing': truncation from 'double' to 'float'
C:\Users\Admin\source\repos\Kien_3D_Training\TrainingFramework\Camera.h(28,18): warning C4305: 'initializing': truncation from 'double' to 'float'
C:\Users\Admin\source\repos\Kien_3D_Training\TrainingFramework\SceneManager.cpp(24,20): warning C4018: '<': signed/unsigned mismatch
C:\Users\Admin\source\repos\Kien_3D_Training\TrainingFramework\SceneManager.cpp(48,23): warning C4244: 'initializing': conversion from 'double' to 'float', possible loss of data
C:\Users\Admin\source\repos\Kien_3D_Training\TrainingFramework\SceneManager.cpp(32,5): warning C4996: 'strcpy': This function or variable may be unsafe. Consider using strcpy_s instead. To disable deprecation, use _CRT_SECURE_NO_WARNINGS. See online help for details.
C:\Users\Admin\source\repos\Kien_3D_Training\TrainingFramework\SceneManager.cpp(90,20): warning C4018: '<': signed/unsigned mismatch
C:\Users\Admin\source\repos\Kien_3D_Training\TrainingFramework\SceneManager.cpp(103,20): warning C4018: '<': signed/unsigned mismatch
C:\Users\Admin\source\repos\Kien_3D_Training\TrainingFramework\SceneManager.cpp(116,22): warning C4018: '<': signed/unsigned mismatch
C:\Users\Admin\source\repos\Kien_3D_Training\TrainingFramework\SceneManager.cpp(186,20): warning C4018: '<': signed/unsigned mismatch
C:\Users\Admin\source\repos\Kien_3D_Training\TrainingFramework\SceneManager.cpp(324,20): warning C4018: '<': signed/unsigned mismatch
C:\Users\Admin\source\repos\Kien_3D_Training\TrainingFramework\SceneManager.cpp(327,21): warning C4018: '<': signed/unsigned mismatch
C:\Users\Admin\source\repos\Kien_3D_Training\TrainingFramework\SceneManager.cpp(267,6): warning C4996: 'fopen': This function or variable may be unsafe. Consider using fopen_s instead. To disable deprecation, use _CRT_SECURE_NO_WARNINGS. See online help for details.
C:\Users\Admin\source\repos\Kien_3D_Training\TrainingFramework\SceneManager.cpp(275,3): warning C4996: 'fscanf': This function or variable may be unsafe. Consider using fscanf_s instead. To disable deprecation, use _CRT_SECURE_NO_WARNINGS. See online help for details.
C:\Users\Admin\source\repos\Kien_3D_Training\TrainingFramework\SceneManager.cpp(278,4): warning C4996: 'fscanf': This function or variable may be unsafe. Consider using fscanf_s instead. To disable deprecation, use _CRT_SECURE_NO_WARNINGS. See online help for details.
C:\Users\Admin\source\repos\Kien_3D_Training\TrainingFramework\SceneManager.cpp(279,4): warning C4996: 'fscanf': This function or variable may be unsafe. Consider using fscanf_s instead. To disable deprecation, use _CRT_SECURE_NO_WARNINGS. See online help for details.
C:\Users\Admin\source\repos\Kien_3D_Training\TrainingFramework\SceneManager.cpp(280,4): warning C4996: 'fscanf': This function or variable may be unsafe. Consider using fscanf_s instead. To disable deprecation, use _CRT_SECURE_NO_WARNINGS. See online help for details.
C:\Users\Admin\source\repos\Kien_3D_Training\TrainingFramework\SceneManager.cpp(281,4): warning C4996: 'fscanf': This function or variable may be unsafe. Consider using fscanf_s instead. To disable deprecation, use _CRT_SECURE_NO_WARNINGS. See online help for details.
C:\Users\Admin\source\repos\Kien_3D_Training\TrainingFramework\SceneManager.cpp(282,4): warning C4996: 'fscanf': This function or variable may be unsafe. Consider using fscanf_s instead. To disable deprecation, use _CRT_SECURE_NO_WARNINGS. See online help for details.
C:\Users\Admin\source\repos\Kien_3D_Training\TrainingFramework\SceneManager.cpp(283,4): warning C4996: 'fscanf': This function or variable may be unsafe. Consider using fscanf_s instead. To disable deprecation, use _CRT_SECURE_NO_WARNINGS. See online help for details.
C:\Users\Admin\source\repos\Kien_3D_Training\TrainingFramework\SceneManager.cpp(284,4): warning C4996: 'fscanf': This function or variable may be unsafe. Consider using fscanf_s instead. To disable deprecation, use _CRT_SECURE_NO_WARNINGS. See online help for details.
C:\Users\Admin\source\repos\Kien_3D_Training\TrainingFramework\SceneManager.cpp(285,4): warning C4996: 'fscanf': This function or variable may be unsafe. Consider using fscanf_s instead. To disable deprecation, use _CRT_SECURE_NO_WARNINGS. See online help for details.
C:\Users\Admin\source\repos\Kien_3D_Training\TrainingFramework\SceneManager.cpp(286,4): warning C4996: 'fscanf': This function or variable may be unsafe. Consider using fscanf_s instead. To disable deprecation, use _CRT_SECURE_NO_WARNINGS. See online help for details.
C:\Users\Admin\source\repos\Kien_3D_Training\TrainingFramework\SceneManager.cpp(289,3): warning C4996: 'fscanf': This function or variable may be unsafe. Consider using fscanf_s instead. To disable deprecation, use _CRT_SECURE_NO_WARNINGS. See online help for details.
C:\Users\Admin\source\repos\Kien_3D_Training\TrainingFramework\SceneManager.cpp(294,4): warning C4996: 'fscanf': This function or variable may be unsafe. Consider using fscanf_s instead. To disable deprecation, use _CRT_SECURE_NO_WARNINGS. See online help for details.
C:\Users\Admin\source\repos\Kien_3D_Training\TrainingFramework\SceneManager.cpp(295,4): warning C4996: 'strcpy': This function or variable may be unsafe. Consider using strcpy_s instead. To disable deprecation, use _CRT_SECURE_NO_WARNINGS. See online help for details.
C:\Users\Admin\source\repos\Kien_3D_Training\TrainingFramework\SceneManager.cpp(296,4): warning C4996: 'fscanf': This function or variable may be unsafe. Consider using fscanf_s instead. To disable deprecation, use _CRT_SECURE_NO_WARNINGS. See online help for details.
C:\Users\Admin\source\repos\Kien_3D_Training\TrainingFramework\SceneManager.cpp(297,4): warning C4996: 'fscanf': This function or variable may be unsafe. Consider using fscanf_s instead. To disable deprecation, use _CRT_SECURE_NO_WARNINGS. See online help for details.
C:\Users\Admin\source\repos\Kien_3D_Training\TrainingFramework\SceneManager.cpp(300,5): warning C4996: 'fscanf': This function or variable may be unsafe. Consider using fscanf_s instead. To disable deprecation, use _CRT_SECURE_NO_WARNINGS. See online help for details.
C:\Users\Admin\source\repos\Kien_3D_Training\TrainingFramework\SceneManager.cpp(303,4): warning C4996: 'fscanf': This function or variable may be unsafe. Consider using fscanf_s instead. To disable deprecation, use _CRT_SECURE_NO_WARNINGS. See online help for details.
C:\Users\Admin\source\repos\Kien_3D_Training\TrainingFramework\SceneManager.cpp(304,4): warning C4996: 'fscanf': This function or variable may be unsafe. Consider using fscanf_s instead. To disable deprecation, use _CRT_SECURE_NO_WARNINGS. See online help for details.
C:\Users\Admin\source\repos\Kien_3D_Training\TrainingFramework\SceneManager.cpp(305,4): warning C4996: 'fscanf': This function or variable may be unsafe. Consider using fscanf_s instead. To disable deprecation, use _CRT_SECURE_NO_WARNINGS. See online help for details.
C:\Users\Admin\source\repos\Kien_3D_Training\TrainingFramework\SceneManager.cpp(308,5): warning C4996: 'fscanf': This function or variable may be unsafe. Consider using fscanf_s instead. To disable deprecation, use _CRT_SECURE_NO_WARNINGS. See online help for details.
C:\Users\Admin\source\repos\Kien_3D_Training\TrainingFramework\SceneManager.cpp(311,4): warning C4996: 'fscanf': This function or variable may be unsafe. Consider using fscanf_s instead. To disable deprecation, use _CRT_SECURE_NO_WARNINGS. See online help for details.
C:\Users\Admin\source\repos\Kien_3D_Training\TrainingFramework\SceneManager.cpp(312,4): warning C4996: 'fscanf': This function or variable may be unsafe. Consider using fscanf_s instead. To disable deprecation, use _CRT_SECURE_NO_WARNINGS. See online help for details.
C:\Users\Admin\source\repos\Kien_3D_Training\TrainingFramework\SceneManager.cpp(313,4): warning C4996: 'fscanf': This function or variable may be unsafe. Consider using fscanf_s instead. To disable deprecation, use _CRT_SECURE_NO_WARNINGS. See online help for details.
C:\Users\Admin\source\repos\Kien_3D_Training\TrainingFramework\SceneManager.cpp(315,5): warning C4996: 'fscanf': This function or variable may be unsafe. Consider using fscanf_s instead. To disable deprecation, use _CRT_SECURE_NO_WARNINGS. See online help for details.
C:\Users\Admin\source\repos\Kien_3D_Training\TrainingFramework\SceneManager.cpp(316,5): warning C4996: 'fscanf': This function or variable may be unsafe. Consider using fscanf_s instead. To disable deprecation, use _CRT_SECURE_NO_WARNINGS. See online help for details.
C:\Users\Admin\source\repos\Kien_3D_Training\TrainingFramework\SceneManager.cpp(317,5): warning C4996: 'fscanf': This function or variable may be unsafe. Consider using fscanf_s instead. To disable deprecation, use _CRT_SECURE_NO_WARNINGS. See online help for details.
C:\Users\Admin\source\repos\Kien_3D_Training\TrainingFramework\SceneManager.cpp(318,5): warning C4996: 'fscanf': This function or variable may be unsafe. Consider using fscanf_s instead. To disable deprecation, use _CRT_SECURE_NO_WARNINGS. See online help for details.
  ResourceManager.cpp
C:\Users\Admin\source\repos\Kien_3D_Training\TrainingFramework\ResourceManager.cpp(18,20): warning C4018: '<': signed/unsigned mismatch
C:\Users\Admin\source\repos\Kien_3D_Training\TrainingFramework\ResourceManager.cpp(21,20): warning C4018: '<': signed/unsigned mismatch
C:\Users\Admin\source\repos\Kien_3D_Training\TrainingFramework\ResourceManager.cpp(29,6): warning C4996: 'fopen': This function or variable may be unsafe. Consider using fopen_s instead. To disable deprecation, use _CRT_SECURE_NO_WARNINGS. See online help for details.
C:\Users\Admin\source\repos\Kien_3D_Training\TrainingFramework\ResourceManager.cpp(35,3): warning C4996: 'fscanf': This function or variable may be unsafe. Consider using fscanf_s instead. To disable deprecation, use _CRT_SECURE_NO_WARNINGS. See online help for details.
C:\Users\Admin\source\repos\Kien_3D_Training\TrainingFramework\ResourceManager.cpp(38,4): warning C4996: 'fscanf': This function or variable may be unsafe. Consider using fscanf_s instead. To disable deprecation, use _CRT_SECURE_NO_WARNINGS. See online help for details.
C:\Users\Admin\source\repos\Kien_3D_Training\TrainingFramework\ResourceManager.cpp(41,4): warning C4996: 'fscanf': This function or variable may be unsafe. Consider using fscanf_s instead. To disable deprecation, use _CRT_SECURE_NO_WARNINGS. See online help for details.
C:\Users\Admin\source\repos\Kien_3D_Training\TrainingFramework\ResourceManager.cpp(42,4): warning C4996: 'strcpy': This function or variable may be unsafe. Consider using strcpy_s instead. To disable deprecation, use _CRT_SECURE_NO_WARNINGS. See online help for details.
C:\Users\Admin\source\repos\Kien_3D_Training\TrainingFramework\ResourceManager.cpp(49,3): warning C4996: 'fscanf': This function or variable may be unsafe. Consider using fscanf_s instead. To disable deprecation, use _CRT_SECURE_NO_WARNINGS. See online help for details.
C:\Users\Admin\source\repos\Kien_3D_Training\TrainingFramework\ResourceManager.cpp(52,4): warning C4996: 'fscanf': This function or variable may be unsafe. Consider using fscanf_s instead. To disable deprecation, use _CRT_SECURE_NO_WARNINGS. See online help for details.
C:\Users\Admin\source\repos\Kien_3D_Training\TrainingFramework\ResourceManager.cpp(56,4): warning C4996: 'fscanf': This function or variable may be unsafe. Consider using fscanf_s instead. To disable deprecation, use _CRT_SECURE_NO_WARNINGS. See online help for details.
C:\Users\Admin\source\repos\Kien_3D_Training\TrainingFramework\ResourceManager.cpp(57,4): warning C4996: 'strcpy': This function or variable may be unsafe. Consider using strcpy_s instead. To disable deprecation, use _CRT_SECURE_NO_WARNINGS. See online help for details.
C:\Users\Admin\source\repos\Kien_3D_Training\TrainingFramework\ResourceManager.cpp(61,4): warning C4996: 'fscanf': This function or variable may be unsafe. Consider using fscanf_s instead. To disable deprecation, use _CRT_SECURE_NO_WARNINGS. See online help for details.
C:\Users\Admin\source\repos\Kien_3D_Training\TrainingFramework\ResourceManager.cpp(62,4): warning C4996: 'strcpy': This function or variable may be unsafe. Consider using strcpy_s instead. To disable deprecation, use _CRT_SECURE_NO_WARNINGS. See online help for details.
C:\Users\Admin\source\repos\Kien_3D_Training\TrainingFramework\ResourceManager.cpp(67,4): warning C4996: 'fscanf': This function or variable may be unsafe. Consider using fscanf_s instead. To disable deprecation, use _CRT_SECURE_NO_WARNINGS. See online help for details.
C:\Users\Admin\source\repos\Kien_3D_Training\TrainingFramework\ResourceManager.cpp(68,4): warning C4996: 'strcpy': This function or variable may be unsafe. Consider using strcpy_s instead. To disable deprecation, use _CRT_SECURE_NO_WARNINGS. See online help for details.
C:\Users\Admin\source\repos\Kien_3D_Training\TrainingFramework\ResourceManager.cpp(69,4): warning C4996: 'strcpy': This function or variable may be unsafe. Consider using strcpy_s instead. To disable deprecation, use _CRT_SECURE_NO_WARNINGS. See online help for details.
C:\Users\Admin\source\repos\Kien_3D_Training\TrainingFramework\ResourceManager.cpp(73,3): warning C4996: 'fscanf': This function or variable may be unsafe. Consider using fscanf_s instead. To disable deprecation, use _CRT_SECURE_NO_WARNINGS. See online help for details.
C:\Users\Admin\source\repos\Kien_3D_Training\TrainingFramework\ResourceManager.cpp(75,3): warning C4996: 'fscanf': This function or variable may be unsafe. Consider using fscanf_s instead. To disable deprecation, use _CRT_SECURE_NO_WARNINGS. See online help for details.
C:\Users\Admin\source\repos\Kien_3D_Training\TrainingFramework\ResourceManager.cpp(79,3): warning C4996: 'fscanf': This function or variable may be unsafe. Consider using fscanf_s instead. To disable deprecation, use _CRT_SECURE_NO_WARNINGS. See online help for details.
C:\Users\Admin\source\repos\Kien_3D_Training\TrainingFramework\ResourceManager.cpp(80,3): warning C4996: 'strcpy': This function or variable may be unsafe. Consider using strcpy_s instead. To disable deprecation, use _CRT_SECURE_NO_WARNINGS. See online help for details.
C:\Users\Admin\source\repos\Kien_3D_Training\TrainingFramework\ResourceManager.cpp(84,4): warning C4996: 'fscanf': This function or variable may be unsafe. Consider using fscanf_s instead. To disable deprecation, use _CRT_SECURE_NO_WARNINGS. See online help for details.
C:\Users\Admin\source\repos\Kien_3D_Training\TrainingFramework\ResourceManager.cpp(85,4): warning C4996: 'strcpy': This function or variable may be unsafe. Consider using strcpy_s instead. To disable deprecation, use _CRT_SECURE_NO_WARNINGS. See online help for details.
C:\Users\Admin\source\repos\Kien_3D_Training\TrainingFramework\ResourceManager.cpp(90,3): warning C4996: 'fscanf': This function or variable may be unsafe. Consider using fscanf_s instead. To disable deprecation, use _CRT_SECURE_NO_WARNINGS. See online help for details.
C:\Users\Admin\source\repos\Kien_3D_Training\TrainingFramework\ResourceManager.cpp(91,3): warning C4996: 'strcpy': This function or variable may be unsafe. Consider using strcpy_s instead. To disable deprecation, use _CRT_SECURE_NO_WARNINGS. See online help for details.
C:\Users\Admin\source\repos\Kien_3D_Training\TrainingFramework\ResourceManager.cpp(96,3): warning C4996: 'fscanf': This function or variable may be unsafe. Consider using fscanf_s instead. To disable deprecation, use _CRT_SECURE_NO_WARNINGS. See online help for details.
C:\Users\Admin\source\repos\Kien_3D_Training\TrainingFramework\ResourceManager.cpp(97,3): warning C4996: 'strcpy': This function or variable may be unsafe. Consider using strcpy_s instead. To disable deprecation, use _CRT_SECURE_NO_WARNINGS. See online help for details.
C:\Users\Admin\source\repos\Kien_3D_Training\TrainingFramework\ResourceManager.cpp(98,3): warning C4996: 'strcpy': This function or variable may be unsafe. Consider using strcpy_s instead. To disable deprecation, use _CRT_SECURE_NO_WARNINGS. See online help for details.
C:\Users\Admin\source\repos\Kien_3D_Training\TrainingFramework\ResourceManager.cpp(101,3): warning C4996: 'fscanf': This function or variable may be unsafe. Consider using fscanf_s instead. To disable deprecation, use _CRT_SECURE_NO_WARNINGS. See online help for details.
C:\Users\Admin\source\repos\Kien_3D_Training\TrainingFramework\ResourceManager.cpp(104,4): warning C4996: 'fscanf': This function or variable may be unsafe. Consider using fscanf_s instead. To disable deprecation, use _CRT_SECURE_NO_WARNINGS. See online help for details.
C:\Users\Admin\source\repos\Kien_3D_Training\TrainingFramework\ResourceManager.cpp(109,4): warning C4996: 'fscanf': This function or variable may be unsafe. Consider using fscanf_s instead. To disable deprecation, use _CRT_SECURE_NO_WARNINGS. See online help for details.
C:\Users\Admin\source\repos\Kien_3D_Training\TrainingFramework\ResourceManager.cpp(110,4): warning C4996: 'fscanf': This function or variable may be unsafe. Consider using fscanf_s instead. To disable deprecation, use _CRT_SECURE_NO_WARNINGS. See online help for details.
C:\Users\Admin\source\repos\Kien_3D_Training\TrainingFramework\ResourceManager.cpp(111,4): warning C4996: 'strcpy': This function or variable may be unsafe. Consider using strcpy_s instead. To disable deprecation, use _CRT_SECURE_NO_WARNINGS. See online help for details.
C:\Users\Admin\source\repos\Kien_3D_Training\TrainingFramework\ResourceManager.cpp(112,4): warning C4996: 'strcpy': This function or variable may be unsafe. Consider using strcpy_s instead. To disable deprecation, use _CRT_SECURE_NO_WARNINGS. See online help for details.
C:\Users\Admin\source\repos\Kien_3D_Training\TrainingFramework\ResourceManager.cpp(114,4): warning C4996: 'fscanf': This function or variable may be unsafe. Consider using fscanf_s instead. To disable deprecation, use _CRT_SECURE_NO_WARNINGS. See online help for details.
C:\Users\Admin\source\repos\Kien_3D_Training\TrainingFramework\ResourceManager.cpp(119,5): warning C4996: 'fscanf': This function or variable may be unsafe. Consider using fscanf_s instead. To disable deprecation, use _CRT_SECURE_NO_WARNINGS. See online help for details.
  Object.cpp
C:\Users\Admin\source\repos\Kien_3D_Training\TrainingFramework\Camera.h(27,18): warning C4305: 'initializing': truncation from 'double' to 'float'
C:\Users\Admin\source\repos\Kien_3D_Training\TrainingFramework\Camera.h(28,18): warning C4305: 'initializing': truncation from 'double' to 'float'
  Model.cpp
C:\Users\Admin\source\repos\Kien_3D_Training\TrainingFramework\Model.cpp(8,2): warning C4996: 'sprintf': This function or variable may be unsafe. Consider using sprintf_s instead. To disable deprecation, use _CRT_SECURE_NO_WARNINGS. See online help for details.
C:\Users\Admin\source\repos\Kien_3D_Training\TrainingFramework\Model.cpp(9,2): warning C4996: 'sprintf': This function or variable may be unsafe. Consider using sprintf_s instead. To disable deprecation, use _CRT_SECURE_NO_WARNINGS. See online help for details.
C:\Users\Admin\source\repos\Kien_3D_Training\TrainingFramework\Model.cpp(10,12): warning C4996: 'fopen': This function or variable may be unsafe. Consider using fopen_s instead. To disable deprecation, use _CRT_SECURE_NO_WARNINGS. See online help for details.
C:\Users\Admin\source\repos\Kien_3D_Training\TrainingFramework\Model.cpp(18,2): warning C4996: 'sscanf': This function or variable may be unsafe. Consider using sscanf_s instead. To disable deprecation, use _CRT_SECURE_NO_WARNINGS. See online help for details.
C:\Users\Admin\source\repos\Kien_3D_Training\TrainingFramework\Model.cpp(23,4): warning C4996: 'sscanf': This function or variable may be unsafe. Consider using sscanf_s instead. To disable deprecation, use _CRT_SECURE_NO_WARNINGS. See online help for details.
C:\Users\Admin\source\repos\Kien_3D_Training\TrainingFramework\Model.cpp(30,4): warning C4996: 'sscanf': This function or variable may be unsafe. Consider using sscanf_s instead. To disable deprecation, use _CRT_SECURE_NO_WARNINGS. See online help for details.
C:\Users\Admin\source\repos\Kien_3D_Training\TrainingFramework\Model.cpp(54,4): warning C4996: 'sscanf': This function or variable may be unsafe. Consider using sscanf_s instead. To disable deprecation, use _CRT_SECURE_NO_WARNINGS. See online help for details.
C:\Users\Admin\source\repos\Kien_3D_Training\TrainingFramework\Model.cpp(66,3): warning C4996: 'sscanf': This function or variable may be unsafe. Consider using sscanf_s instead. To disable deprecation, use _CRT_SECURE_NO_WARNINGS. See online help for details.
  HeightMap.cpp
  CubeTexture.cpp
  Camera.cpp
C:\Users\Admin\source\repos\Kien_3D_Training\TrainingFramework\Camera.h(27,18): warning C4305: 'initializing': truncation from 'double' to 'float'
C:\Users\Admin\source\repos\Kien_3D_Training\TrainingFramework\Camera.h(28,18): warning C4305: 'initializing': truncation from 'double' to 'float'
  Generating Code...
Camera.obj : warning LNK4075: ignoring '/EDITANDCONTINUE' due to '/SAFESEH' specification
  TrainingFramework.vcxproj -> C:\Users\Admin\source\repos\Kien_3D_Training\BIN\TrainingFramework.exe
