c:\users\admin\source\repos\kien_3d_training\trainingframework\debug\trainingframework.pch
c:\users\admin\source\repos\kien_3d_training\trainingframework\debug\vc142.pdb
c:\users\admin\source\repos\kien_3d_training\trainingframework\debug\vc142.idb
c:\users\admin\source\repos\kien_3d_training\trainingframework\debug\stdafx.obj
c:\users\admin\source\repos\kien_3d_training\trainingframework\debug\camera.obj
c:\users\admin\source\repos\kien_3d_training\trainingframework\debug\model.obj
c:\users\admin\source\repos\kien_3d_training\trainingframework\debug\object.obj
c:\users\admin\source\repos\kien_3d_training\trainingframework\debug\resourcemanager.obj
c:\users\admin\source\repos\kien_3d_training\trainingframework\debug\scenemanager.obj
c:\users\admin\source\repos\kien_3d_training\trainingframework\debug\shaders.obj
c:\users\admin\source\repos\kien_3d_training\trainingframework\debug\texture.obj
c:\users\admin\source\repos\kien_3d_training\trainingframework\debug\trainingframework.obj
c:\users\admin\source\repos\kien_3d_training\bin\trainingframework.ilk
c:\users\admin\source\repos\kien_3d_training\bin\trainingframework.exe
c:\users\admin\source\repos\kien_3d_training\bin\trainingframework.pdb
c:\users\admin\source\repos\kien_3d_training\\bin\trainingframework.pdb
c:\users\admin\source\repos\kien_3d_training\\bin\trainingframework.ilk
c:\users\admin\source\repos\kien_3d_training\trainingframework\debug\training.fc024ec8.tlog\cl.command.1.tlog
c:\users\admin\source\repos\kien_3d_training\trainingframework\debug\training.fc024ec8.tlog\cl.read.1.tlog
c:\users\admin\source\repos\kien_3d_training\trainingframework\debug\training.fc024ec8.tlog\cl.write.1.tlog
c:\users\admin\source\repos\kien_3d_training\trainingframework\debug\training.fc024ec8.tlog\link.command.1.tlog
c:\users\admin\source\repos\kien_3d_training\trainingframework\debug\training.fc024ec8.tlog\link.read.1.tlog
c:\users\admin\source\repos\kien_3d_training\trainingframework\debug\training.fc024ec8.tlog\link.write.1.tlog
